{"/home/luciano/Desktop/clean-architeture/src/entity/draw.ts": {"path":"/home/luciano/Desktop/clean-architeture/src/entity/draw.ts","statementMap":{"0":{"start":{"line":11,"column":22},"end":{"line":15,"column":5}},"1":{"start":{"line":12,"column":8},"end":{"line":12,"column":98}},"2":{"start":{"line":12,"column":58},"end":{"line":12,"column":96}},"3":{"start":{"line":13,"column":8},"end":{"line":13,"column":40}},"4":{"start":{"line":14,"column":8},"end":{"line":14,"column":39}},"5":{"start":{"line":18,"column":37},"end":{"line":18,"column":61}},"6":{"start":{"line":19,"column":29},"end":{"line":19,"column":83}},"7":{"start":{"line":20,"column":8},"end":{"line":20,"column":46}},"8":{"start":{"line":24,"column":26},"end":{"line":24,"column":35}},"9":{"start":{"line":25,"column":27},"end":{"line":25,"column":62}},"10":{"start":{"line":26,"column":8},"end":{"line":26,"column":31}},"11":{"start":{"line":30,"column":8},"end":{"line":30,"column":32}}},"fnMap":{"0":{"name":"(anonymous_0)","decl":{"start":{"line":7,"column":4},"end":{"line":7,"column":5}},"loc":{"start":{"line":9,"column":6},"end":{"line":9,"column":8}},"line":9},"1":{"name":"(anonymous_1)","decl":{"start":{"line":11,"column":22},"end":{"line":11,"column":23}},"loc":{"start":{"line":11,"column":68},"end":{"line":15,"column":5}},"line":11},"2":{"name":"(anonymous_2)","decl":{"start":{"line":12,"column":43},"end":{"line":12,"column":44}},"loc":{"start":{"line":12,"column":58},"end":{"line":12,"column":96}},"line":12},"3":{"name":"(anonymous_3)","decl":{"start":{"line":17,"column":4},"end":{"line":17,"column":5}},"loc":{"start":{"line":17,"column":22},"end":{"line":21,"column":5}},"line":17},"4":{"name":"(anonymous_4)","decl":{"start":{"line":23,"column":4},"end":{"line":23,"column":5}},"loc":{"start":{"line":23,"column":67},"end":{"line":27,"column":5}},"line":23},"5":{"name":"(anonymous_5)","decl":{"start":{"line":29,"column":4},"end":{"line":29,"column":5}},"loc":{"start":{"line":29,"column":22},"end":{"line":31,"column":5}},"line":29}},"branchMap":{},"s":{"0":2,"1":2,"2":17,"3":2,"4":2,"5":1,"6":1,"7":1,"8":1,"9":1,"10":1,"11":0},"f":{"0":2,"1":2,"2":17,"3":1,"4":1,"5":0},"b":{},"_coverageSchema":"1a1c01bbd47fc00a2c39e90264f33305004495a9","hash":"4d45bc3ba2360698d2aba04e615fa4993d8b7c5a"}
,"/home/luciano/Desktop/clean-architeture/src/entity/participant.ts": {"path":"/home/luciano/Desktop/clean-architeture/src/entity/participant.ts","statementMap":{"0":{"start":{"line":9,"column":8},"end":{"line":9,"column":26}},"1":{"start":{"line":13,"column":8},"end":{"line":13,"column":25}}},"fnMap":{"0":{"name":"(anonymous_0)","decl":{"start":{"line":2,"column":4},"end":{"line":2,"column":5}},"loc":{"start":{"line":6,"column":6},"end":{"line":6,"column":8}},"line":6},"1":{"name":"(anonymous_1)","decl":{"start":{"line":8,"column":4},"end":{"line":8,"column":5}},"loc":{"start":{"line":8,"column":15},"end":{"line":10,"column":5}},"line":8},"2":{"name":"(anonymous_2)","decl":{"start":{"line":12,"column":4},"end":{"line":12,"column":5}},"loc":{"start":{"line":12,"column":15},"end":{"line":14,"column":5}},"line":12}},"branchMap":{},"s":{"0":37,"1":13},"f":{"0":27,"1":37,"2":13},"b":{},"_coverageSchema":"1a1c01bbd47fc00a2c39e90264f33305004495a9","hash":"0e02430c22a7defa24f14f8c89e6dadc50ab65ce"}
,"/home/luciano/Desktop/clean-architeture/src/repositories/files/ParticipantFileRepository.ts": {"path":"/home/luciano/Desktop/clean-architeture/src/repositories/files/ParticipantFileRepository.ts","statementMap":{"0":{"start":{"line":9,"column":8},"end":{"line":9,"column":43}},"1":{"start":{"line":10,"column":8},"end":{"line":10,"column":40}},"2":{"start":{"line":14,"column":29},"end":{"line":14,"column":43}},"3":{"start":{"line":15,"column":8},"end":{"line":15,"column":38}},"4":{"start":{"line":16,"column":8},"end":{"line":16,"column":74}},"5":{"start":{"line":20,"column":21},"end":{"line":20,"column":71}},"6":{"start":{"line":21,"column":8},"end":{"line":21,"column":83}},"7":{"start":{"line":21,"column":32},"end":{"line":21,"column":82}},"8":{"start":{"line":25,"column":8},"end":{"line":27,"column":9}},"9":{"start":{"line":26,"column":12},"end":{"line":26,"column":63}},"10":{"start":{"line":31,"column":8},"end":{"line":31,"column":33}},"11":{"start":{"line":32,"column":8},"end":{"line":32,"column":40}}},"fnMap":{"0":{"name":"(anonymous_0)","decl":{"start":{"line":8,"column":4},"end":{"line":8,"column":5}},"loc":{"start":{"line":8,"column":18},"end":{"line":11,"column":5}},"line":8},"1":{"name":"(anonymous_1)","decl":{"start":{"line":13,"column":4},"end":{"line":13,"column":5}},"loc":{"start":{"line":13,"column":34},"end":{"line":17,"column":5}},"line":13},"2":{"name":"(anonymous_2)","decl":{"start":{"line":19,"column":4},"end":{"line":19,"column":5}},"loc":{"start":{"line":19,"column":34},"end":{"line":22,"column":5}},"line":19},"3":{"name":"(anonymous_3)","decl":{"start":{"line":21,"column":24},"end":{"line":21,"column":25}},"loc":{"start":{"line":21,"column":32},"end":{"line":21,"column":82}},"line":21},"4":{"name":"(anonymous_4)","decl":{"start":{"line":24,"column":4},"end":{"line":24,"column":5}},"loc":{"start":{"line":24,"column":43},"end":{"line":28,"column":5}},"line":24},"5":{"name":"(anonymous_5)","decl":{"start":{"line":30,"column":4},"end":{"line":30,"column":5}},"loc":{"start":{"line":30,"column":16},"end":{"line":33,"column":5}},"line":30}},"branchMap":{"0":{"loc":{"start":{"line":25,"column":8},"end":{"line":27,"column":9}},"type":"if","locations":[{"start":{"line":25,"column":8},"end":{"line":27,"column":9}},{"start":{"line":25,"column":8},"end":{"line":27,"column":9}}],"line":25}},"s":{"0":2,"1":2,"2":3,"3":3,"4":3,"5":5,"6":5,"7":4,"8":4,"9":2,"10":2,"11":2},"f":{"0":2,"1":3,"2":5,"3":4,"4":4,"5":2},"b":{"0":[2,2]},"_coverageSchema":"1a1c01bbd47fc00a2c39e90264f33305004495a9","hash":"257d072127b9091015fff5ac07a0c7481c488424"}
}
