TN:
SF:src/entity/draw.ts
FN:7,(anonymous_0)
FN:11,(anonymous_1)
FN:12,(anonymous_2)
FN:17,(anonymous_3)
FN:23,(anonymous_4)
FN:29,(anonymous_5)
FNF:6
FNH:5
FNDA:2,(anonymous_0)
FNDA:2,(anonymous_1)
FNDA:17,(anonymous_2)
FNDA:1,(anonymous_3)
FNDA:1,(anonymous_4)
FNDA:0,(anonymous_5)
DA:11,2
DA:12,17
DA:13,2
DA:14,2
DA:18,1
DA:19,1
DA:20,1
DA:24,1
DA:25,1
DA:26,1
DA:30,0
LF:11
LH:10
BRF:0
BRH:0
end_of_record
TN:
SF:src/entity/participant.ts
FN:2,(anonymous_0)
FN:8,(anonymous_1)
FN:12,(anonymous_2)
FNF:3
FNH:3
FNDA:27,(anonymous_0)
FNDA:37,(anonymous_1)
FNDA:13,(anonymous_2)
DA:9,37
DA:13,13
LF:2
LH:2
BRF:0
BRH:0
end_of_record
TN:
SF:src/repositories/files/FileRepository.ts
FN:8,(anonymous_0)
FN:13,(anonymous_1)
FN:19,(anonymous_2)
FN:21,(anonymous_3)
FN:24,(anonymous_4)
FN:30,(anonymous_5)
FNF:6
FNH:6
FNDA:2,(anonymous_0)
FNDA:3,(anonymous_1)
FNDA:5,(anonymous_2)
FNDA:4,(anonymous_3)
FNDA:4,(anonymous_4)
FNDA:2,(anonymous_5)
DA:9,2
DA:10,2
DA:14,3
DA:15,3
DA:16,3
DA:20,5
DA:21,5
DA:25,4
DA:26,2
DA:31,2
DA:32,2
LF:11
LH:11
BRDA:25,0,0,2
BRDA:25,0,1,2
BRF:2
BRH:2
end_of_record
